[INFO] [Wed Jan 18 01:13:05 am 2017] Cron Job referralcodeProcessor Started.
[DEBUG] [Wed Jan 18 01:13:05 am 2017] No Records Found.
[INFO] [Wed Jan 18 01:13:05 am 2017] Cron Job referralcodeProcessor Ended.
[INFO] [Wed Jan 18 01:13:05 am 2017] Cron Job createScheduledPromocodes Started.
[DEBUG] [Wed Jan 18 01:13:05 am 2017] No Records Found.
[INFO] [Wed Jan 18 01:13:05 am 2017] Cron Job createScheduledPromocodes Ended.
[INFO] [Wed Jan 18 01:13:05 am 2017] Cron Job deleteExpiredFestivalPromocode Started.
[DEBUG] [Wed Jan 18 01:13:05 am 2017] No Records Found.
[INFO] [Wed Jan 18 01:13:05 am 2017] Cron Job deleteExpiredFestivalPromocode Ended.
[INFO] [Wed Jan 18 01:13:05 am 2017] Cron Job deleteExpiredOtherPromocode Started.
[DEBUG] [Wed Jan 18 01:13:05 am 2017] No Records Found.
[INFO] [Wed Jan 18 01:13:05 am 2017] Cron Job deleteExpiredOtherPromocode Ended.
[INFO] [Wed Jan 18 01:13:05 am 2017] Cron Job deleteExpiredPromocode Started.
[DEBUG] [Wed Jan 18 01:13:05 am 2017] 0 Promocodes Deleted from Promocodes Table.
[DEBUG] [Wed Jan 18 01:13:05 am 2017] No Records Found.
[INFO] [Wed Jan 18 01:13:05 am 2017] Cron Job deleteExpiredPromocode Ended.
[INFO] [Wed Jan 18 01:14:03 am 2017] Cron Job referralcodeProcessor Started.
[DEBUG] [Wed Jan 18 01:14:03 am 2017] No Records Found.
[INFO] [Wed Jan 18 01:14:03 am 2017] Cron Job referralcodeProcessor Ended.
[INFO] [Wed Jan 18 01:14:03 am 2017] Cron Job createScheduledPromocodes Started.
[DEBUG] [Wed Jan 18 01:14:03 am 2017] No Records Found.
[INFO] [Wed Jan 18 01:14:03 am 2017] Cron Job createScheduledPromocodes Ended.
[INFO] [Wed Jan 18 01:14:03 am 2017] Cron Job deleteExpiredFestivalPromocode Started.
[DEBUG] [Wed Jan 18 01:14:03 am 2017] No Records Found.
[INFO] [Wed Jan 18 01:14:03 am 2017] Cron Job deleteExpiredFestivalPromocode Ended.
[INFO] [Wed Jan 18 01:14:03 am 2017] Cron Job deleteExpiredOtherPromocode Started.
[DEBUG] [Wed Jan 18 01:14:03 am 2017] No Records Found.
[INFO] [Wed Jan 18 01:14:03 am 2017] Cron Job deleteExpiredOtherPromocode Ended.
[INFO] [Wed Jan 18 01:14:03 am 2017] Cron Job deleteExpiredPromocode Started.
[DEBUG] [Wed Jan 18 01:14:03 am 2017] No Records Found.
[INFO] [Wed Jan 18 01:14:03 am 2017] Cron Job deleteExpiredPromocode Ended.
[INFO] [Wed Jan 18 01:15:45 am 2017] Cron Job referralcodeProcessor Started.
[DEBUG] [Wed Jan 18 01:15:45 am 2017] No Records Found.
[INFO] [Wed Jan 18 01:15:45 am 2017] Cron Job referralcodeProcessor Ended.
[INFO] [Wed Jan 18 01:15:45 am 2017] Cron Job createScheduledPromocodes Started.
[DEBUG] [Wed Jan 18 01:15:45 am 2017] No Records Found.
[INFO] [Wed Jan 18 01:15:45 am 2017] Cron Job createScheduledPromocodes Ended.
[INFO] [Wed Jan 18 01:15:45 am 2017] Cron Job deleteExpiredFestivalPromocode Started.
[DEBUG] [Wed Jan 18 01:15:45 am 2017] No Records Found.
[INFO] [Wed Jan 18 01:15:45 am 2017] Cron Job deleteExpiredFestivalPromocode Ended.
[INFO] [Wed Jan 18 01:15:45 am 2017] Cron Job deleteExpiredOtherPromocode Started.
[DEBUG] [Wed Jan 18 01:15:45 am 2017] No Records Found.
[INFO] [Wed Jan 18 01:15:45 am 2017] Cron Job deleteExpiredOtherPromocode Ended.
[INFO] [Wed Jan 18 01:15:45 am 2017] Cron Job deleteExpiredPromocode Started.
[DEBUG] [Wed Jan 18 01:15:45 am 2017] No Records Found.
[INFO] [Wed Jan 18 01:15:45 am 2017] Cron Job deleteExpiredPromocode Ended.
